2023-05-12 12:26:22.667 [info] Extension host with pid 689 started
2023-05-12 12:26:22.720 [info] Lock '/root/.local/share/code-server/User/workspaceStorage/-50cfb54/vscode.lock': Lock acquired.
2023-05-12 12:26:22.820 [info] ExtensionService#_doActivateExtension vscode.git-base, startup: true, activationEvent: '*', root cause: vscode.git
2023-05-12 12:26:22.822 [info] ExtensionService#_doActivateExtension CoenraadS.bracket-pair-colorizer-2, startup: true, activationEvent: '*'
2023-05-12 12:26:22.823 [info] ExtensionService#_doActivateExtension oderwat.indent-rainbow, startup: true, activationEvent: '*'
2023-05-12 12:26:22.906 [info] ExtensionService#_doActivateExtension vscode.git, startup: true, activationEvent: '*'
2023-05-12 12:26:22.907 [info] ExtensionService#_doActivateExtension vscode.github, startup: true, activationEvent: '*'
2023-05-12 12:26:23.887 [error] Activating extension CoenraadS.bracket-pair-colorizer-2 failed due to an error:
2023-05-12 12:26:23.887 [error] Error: Cannot find module '/usr/lib/code-server/lib/vscode/node_modules.asar/vscode-textmate'
Require stack:
- /root/.local/share/code-server/extensions/coenraads.bracket-pair-colorizer-2-0.1.4-universal/out/src/textMateLoader.js
- /root/.local/share/code-server/extensions/coenraads.bracket-pair-colorizer-2-0.1.4-universal/out/src/settings.js
- /root/.local/share/code-server/extensions/coenraads.bracket-pair-colorizer-2-0.1.4-universal/out/src/documentDecorationManager.js
- /root/.local/share/code-server/extensions/coenraads.bracket-pair-colorizer-2-0.1.4-universal/out/src/extension.js
- /usr/lib/code-server/lib/vscode/out/vs/loader.js
- /usr/lib/code-server/lib/vscode/out/bootstrap-amd.js
- /usr/lib/code-server/lib/vscode/out/bootstrap-fork.js
	at Function.Module._resolveFilename (node:internal/modules/cjs/loader:1026:15)
	at Function.Module._load (node:internal/modules/cjs/loader:871:27)
	at Function.m._load (/usr/lib/code-server/lib/vscode/out/vs/workbench/api/node/extensionHostProcess.js:124:14199)
	at Function.g._load (/usr/lib/code-server/lib/vscode/out/vs/workbench/api/node/extensionHostProcess.js:119:11886)
	at Function.I._load (/usr/lib/code-server/lib/vscode/out/vs/workbench/api/node/extensionHostProcess.js:119:11264)
	at Module.require (node:internal/modules/cjs/loader:1098:19)
	at require (node:internal/modules/cjs/helpers:108:18)
	at TextMateLoader.getNodeModule (/root/.local/share/code-server/extensions/coenraads.bracket-pair-colorizer-2-0.1.4-universal/out/src/textMateLoader.js:106:16)
	at TextMateLoader.loadTextMate (/root/.local/share/code-server/extensions/coenraads.bracket-pair-colorizer-2-0.1.4-universal/out/src/textMateLoader.js:109:21)
	at new TextMateLoader (/root/.local/share/code-server/extensions/coenraads.bracket-pair-colorizer-2-0.1.4-universal/out/src/textMateLoader.js:18:27)
	at new Settings (/root/.local/share/code-server/extensions/coenraads.bracket-pair-colorizer-2-0.1.4-universal/out/src/settings.js:10:31)
	at new DocumentDecorationManager (/root/.local/share/code-server/extensions/coenraads.bracket-pair-colorizer-2-0.1.4-universal/out/src/documentDecorationManager.js:9:25)
	at activate (/root/.local/share/code-server/extensions/coenraads.bracket-pair-colorizer-2-0.1.4-universal/out/src/extension.js:6:37)
	at Function.eb (/usr/lib/code-server/lib/vscode/out/vs/workbench/api/node/extensionHostProcess.js:110:14676)
	at Function.db (/usr/lib/code-server/lib/vscode/out/vs/workbench/api/node/extensionHostProcess.js:110:14380)
	at /usr/lib/code-server/lib/vscode/out/vs/workbench/api/node/extensionHostProcess.js:110:12406
	at async w.n (/usr/lib/code-server/lib/vscode/out/vs/workbench/api/node/extensionHostProcess.js:96:6646)
	at async w.m (/usr/lib/code-server/lib/vscode/out/vs/workbench/api/node/extensionHostProcess.js:96:6609)
	at async w.l (/usr/lib/code-server/lib/vscode/out/vs/workbench/api/node/extensionHostProcess.js:96:6066)
2023-05-12 12:26:23.887 [info] Eager extensions activated
2023-05-12 12:26:23.888 [info] ExtensionService#_doActivateExtension vscode.debug-auto-launch, startup: false, activationEvent: 'onStartupFinished'
2023-05-12 12:26:23.889 [info] ExtensionService#_doActivateExtension vscode.merge-conflict, startup: false, activationEvent: 'onStartupFinished'
2023-05-12 12:26:23.889 [info] ExtensionService#_doActivateExtension vscode.npm, startup: false, activationEvent: 'onStartupFinished', root cause: esbenp.prettier-vscode
2023-05-12 12:26:23.889 [info] ExtensionService#_doActivateExtension ritwickdey.LiveServer, startup: false, activationEvent: 'onStartupFinished'
2023-05-12 12:26:23.890 [info] ExtensionService#_doActivateExtension streetsidesoftware.code-spell-checker, startup: false, activationEvent: 'onStartupFinished'
2023-05-12 12:26:23.890 [info] ExtensionService#_doActivateExtension usernamehw.errorlens, startup: false, activationEvent: 'onStartupFinished'
2023-05-12 12:26:23.891 [info] ExtensionService#_doActivateExtension vscode-icons-team.vscode-icons, startup: false, activationEvent: 'onStartupFinished'
2023-05-12 12:26:25.576 [info] ExtensionService#_doActivateExtension esbenp.prettier-vscode, startup: false, activationEvent: 'onStartupFinished'
2023-05-12 12:26:27.325 [info] ExtensionService#_doActivateExtension vscode.html-language-features, startup: false, activationEvent: 'onLanguage:html'
2023-05-12 12:26:27.326 [info] ExtensionService#_doActivateExtension vscode.emmet, startup: false, activationEvent: 'onLanguage'
2023-05-12 12:26:30.111 [info] ExtensionService#_doActivateExtension vscode.configuration-editing, startup: false, activationEvent: 'onLanguage:jsonc'
2023-05-12 12:26:30.112 [info] ExtensionService#_doActivateExtension vscode.json-language-features, startup: false, activationEvent: 'onLanguage:jsonc'
2023-05-12 12:26:30.112 [info] ExtensionService#_doActivateExtension vscode.typescript-language-features, startup: false, activationEvent: 'onLanguage:jsonc'
2023-05-12 12:26:41.272 [info] ExtensionService#_doActivateExtension ms-azuretools.vscode-docker, startup: false, activationEvent: 'onView:dockerContainers'
2023-05-12 12:26:54.020 [info] Extension host terminating: received terminate message from renderer
2023-05-12 12:26:54.021 [info] Lock '/root/.local/share/code-server/User/workspaceStorage/-50cfb54/vscode.lock': Marking the lockfile as scheduled to be released in 6000 ms.
2023-05-12 12:26:54.085 [info] Extension host with pid 689 exiting with code 0
