2023-05-12 12:26:58.683 [info] Extension host with pid 867 started
2023-05-12 12:26:58.723 [info] Lock '/root/.local/share/code-server/User/workspaceStorage/-50cfb54/vscode.lock': Lock acquired.
2023-05-12 12:26:59.037 [info] ExtensionService#_doActivateExtension vscode.emmet, startup: false, activationEvent: 'onLanguage'
2023-05-12 12:26:59.196 [info] ExtensionService#_doActivateExtension vscode.git-base, startup: true, activationEvent: '*', root cause: vscode.git
2023-05-12 12:26:59.197 [info] ExtensionService#_doActivateExtension CoenraadS.bracket-pair-colorizer-2, startup: true, activationEvent: '*'
2023-05-12 12:26:59.197 [info] ExtensionService#_doActivateExtension oderwat.indent-rainbow, startup: true, activationEvent: '*'
2023-05-12 12:26:59.279 [error] Activating extension CoenraadS.bracket-pair-colorizer-2 failed due to an error:
2023-05-12 12:26:59.279 [error] Error: Cannot find module '/usr/lib/code-server/lib/vscode/node_modules.asar/vscode-textmate'
Require stack:
- /root/.local/share/code-server/extensions/coenraads.bracket-pair-colorizer-2-0.1.4-universal/out/src/textMateLoader.js
- /root/.local/share/code-server/extensions/coenraads.bracket-pair-colorizer-2-0.1.4-universal/out/src/settings.js
- /root/.local/share/code-server/extensions/coenraads.bracket-pair-colorizer-2-0.1.4-universal/out/src/documentDecorationManager.js
- /root/.local/share/code-server/extensions/coenraads.bracket-pair-colorizer-2-0.1.4-universal/out/src/extension.js
- /usr/lib/code-server/lib/vscode/out/vs/loader.js
- /usr/lib/code-server/lib/vscode/out/bootstrap-amd.js
- /usr/lib/code-server/lib/vscode/out/bootstrap-fork.js
	at Function.Module._resolveFilename (node:internal/modules/cjs/loader:1026:15)
	at Function.Module._load (node:internal/modules/cjs/loader:871:27)
	at Function.m._load (/usr/lib/code-server/lib/vscode/out/vs/workbench/api/node/extensionHostProcess.js:124:14199)
	at Function.g._load (/usr/lib/code-server/lib/vscode/out/vs/workbench/api/node/extensionHostProcess.js:119:11886)
	at Function.I._load (/usr/lib/code-server/lib/vscode/out/vs/workbench/api/node/extensionHostProcess.js:119:11264)
	at Module.require (node:internal/modules/cjs/loader:1098:19)
	at require (node:internal/modules/cjs/helpers:108:18)
	at TextMateLoader.getNodeModule (/root/.local/share/code-server/extensions/coenraads.bracket-pair-colorizer-2-0.1.4-universal/out/src/textMateLoader.js:106:16)
	at TextMateLoader.loadTextMate (/root/.local/share/code-server/extensions/coenraads.bracket-pair-colorizer-2-0.1.4-universal/out/src/textMateLoader.js:109:21)
	at new TextMateLoader (/root/.local/share/code-server/extensions/coenraads.bracket-pair-colorizer-2-0.1.4-universal/out/src/textMateLoader.js:18:27)
	at new Settings (/root/.local/share/code-server/extensions/coenraads.bracket-pair-colorizer-2-0.1.4-universal/out/src/settings.js:10:31)
	at new DocumentDecorationManager (/root/.local/share/code-server/extensions/coenraads.bracket-pair-colorizer-2-0.1.4-universal/out/src/documentDecorationManager.js:9:25)
	at activate (/root/.local/share/code-server/extensions/coenraads.bracket-pair-colorizer-2-0.1.4-universal/out/src/extension.js:6:37)
	at Function.eb (/usr/lib/code-server/lib/vscode/out/vs/workbench/api/node/extensionHostProcess.js:110:14676)
	at Function.db (/usr/lib/code-server/lib/vscode/out/vs/workbench/api/node/extensionHostProcess.js:110:14380)
	at /usr/lib/code-server/lib/vscode/out/vs/workbench/api/node/extensionHostProcess.js:110:12406
	at async w.n (/usr/lib/code-server/lib/vscode/out/vs/workbench/api/node/extensionHostProcess.js:96:6646)
	at async w.m (/usr/lib/code-server/lib/vscode/out/vs/workbench/api/node/extensionHostProcess.js:96:6609)
	at async w.l (/usr/lib/code-server/lib/vscode/out/vs/workbench/api/node/extensionHostProcess.js:96:6066)
2023-05-12 12:26:59.279 [info] ExtensionService#_doActivateExtension vscode.git, startup: true, activationEvent: '*'
2023-05-12 12:26:59.280 [info] ExtensionService#_doActivateExtension vscode.github, startup: true, activationEvent: '*'
2023-05-12 12:26:59.638 [info] Eager extensions activated
2023-05-12 12:26:59.638 [info] ExtensionService#_doActivateExtension vscode.debug-auto-launch, startup: false, activationEvent: 'onStartupFinished'
2023-05-12 12:26:59.639 [info] ExtensionService#_doActivateExtension vscode.merge-conflict, startup: false, activationEvent: 'onStartupFinished'
2023-05-12 12:26:59.640 [info] ExtensionService#_doActivateExtension vscode.npm, startup: false, activationEvent: 'onStartupFinished', root cause: esbenp.prettier-vscode
2023-05-12 12:26:59.640 [info] ExtensionService#_doActivateExtension ritwickdey.LiveServer, startup: false, activationEvent: 'onStartupFinished'
2023-05-12 12:26:59.641 [info] ExtensionService#_doActivateExtension streetsidesoftware.code-spell-checker, startup: false, activationEvent: 'onStartupFinished'
2023-05-12 12:26:59.642 [info] ExtensionService#_doActivateExtension usernamehw.errorlens, startup: false, activationEvent: 'onStartupFinished'
2023-05-12 12:26:59.642 [info] ExtensionService#_doActivateExtension vscode-icons-team.vscode-icons, startup: false, activationEvent: 'onStartupFinished'
2023-05-12 12:27:01.890 [info] ExtensionService#_doActivateExtension esbenp.prettier-vscode, startup: false, activationEvent: 'onStartupFinished'
